INFO:root:Config PL_B22_2020 - loaded
INFO:root:Dataset data.csv_PL_B22_2020 - loaded
INFO:root:Config PL_B22_2020 - loaded
INFO:root:Dataset data.csv_PL_B22_2020 - loaded
INFO:root:Config PL_B22_2020 - loaded
INFO:root:Dataset data.csv_PL_B22_2020 - loaded
INFO:root:
INFO:root:Config PL_B22_2020 - loaded
INFO:root:Data data.csv - loaded
INFO:root:
INFO:root:Config PL_B22_2020 - loaded
INFO:root:Data data.csv - loaded
INFO:root:Config PL_B22_2020 - loaded
INFO:root:Data data.csv - loaded
INFO:root:Price table created - priceTableName 
INFO:root:Config PL_B22_2020 - loaded
INFO:root:Data data.csv - loaded
INFO:root:Price table created - priceTableName 
INFO:root:Config PL_B22_2020 - loaded
INFO:root:Data data.csv - loaded
INFO:root:Price table created - priceTableName 
INFO:root:Config PL_B22_2020 - loaded
INFO:root:Data data.csv - loaded
INFO:root:Price table created - priceTableName 
INFO:root:Config PL_B22_2020 - loaded
INFO:root:Data data.csv - loaded
INFO:root:Price table created - priceTableName 
INFO:root:Config PL_B22_2020 - loaded
INFO:root:Data data.csv - loaded
INFO:root:Price table created - priceTableName 
INFO:root:Config PL_B22_2020 - loaded
INFO:root:Data data.csv - loaded
INFO:root:Price table created - priceTableName 
INFO:root:Config PL_B22_2021 - loaded
INFO:root:Data data.csv - loaded
INFO:root:Price table created - priceTableName 
INFO:root:Config PL_B22_2021 - loaded
INFO:root:Data data.csv - loaded
INFO:root:Price table created - priceTableName 
INFO:root:Config PL_B22_2021 - loaded
INFO:root:Data data.csv - loaded
INFO:root:Price table created - priceTableName 
INFO:root:Config PL_B22_2021 - loaded
INFO:root:Data data.csv - loaded
INFO:root:Price table created - priceTableName 
INFO:root:Config PL_B22_2021 - loaded
INFO:root:Config PL_B22_2021 - loaded
INFO:root:Config PL_B22_2021 - loaded
INFO:root:Config PL_B22_2021 - loaded
INFO:root:Config PL_B22_2021 - loaded
INFO:root:Config PL_B22_2021 - loaded
INFO:root:Data data.csv - loaded
INFO:root:Price table created - priceTableName 
INFO:root:Config PL_B22_2021 - loaded
INFO:root:Data data.csv - loaded
INFO:root:Price table created - priceTableName 
INFO:root:Config PL_B22_2021 - loaded
INFO:root:Data data.csv - loaded
INFO:root:Price table created - priceTableName 
INFO:root:Config PL_B22_2021 - loaded
INFO:root:Data data.csv - loaded
INFO:root:Price table created - priceTableName 
INFO:root:Config PL_B22_2021 - loaded
INFO:root:Data data.csv - loaded
INFO:root:Price table created - priceTableName 
INFO:root:Config PL_B22_2021 - loaded
INFO:root:Data data.csv - loaded
INFO:root:Price table created - priceTableName 
INFO:root:Config PL_B22_2021 - loaded
INFO:root:Config PL_B22_2021 - loaded
INFO:root:Config PL_B22_2021 - loaded
INFO:root:Config PL_B22_2021 - loaded
INFO:root:Config PL_B22_2021 - loaded
INFO:root:Config PL_B22_2021 - loaded
INFO:root:Config PL_B22_2021 - loaded
INFO:root:Config PL_B22_2021 - loaded
INFO:root:Config PL_B22_2021 - loaded
INFO:root:Config PL_B22_2021 - loaded
INFO:root:Config PL_B22_2021 - loaded
INFO:root:Config PL_B22_2021 - loaded
INFO:root:Config PL_B22_2021 - loaded
INFO:root:Config PL_B22_2021 - loaded
INFO:root:Config PL_B22_2021 - loaded
INFO:root:Config PL_B22_2021 - loaded
INFO:root:Config PL_B22_2021 - loaded
INFO:root:Config PL_B22_2021 - loaded
INFO:root:Config PL_B22_2021 - loaded
INFO:root:Config PL_B22_2021 - loaded
INFO:root:Config PL_B22_2021 - loaded
INFO:root:Config PL_B22_2021 - loaded
INFO:root:Config PL_B22_2021 - loaded
INFO:root:Config PL_B22_2021 - loaded
INFO:root:Config PL_B22_2021 - loaded
INFO:root:Config PL_B22_2021 - loaded
INFO:root:Config PL_B22_2021 - loaded
INFO:root:Config PL_B22_2021 - loaded
INFO:root:Config PL_B22_2021 - loaded
INFO:root:Config PL_B22_2021 - loaded
INFO:root:Config PL_B22_2021 - loaded
